-------------------------------------------------------------------------------
Test set: stepdefinitions.TestRunner
-------------------------------------------------------------------------------
Tests run: 1, Failures: 1, Errors: 0, Skipped: 0, Time elapsed: 22.894 s <<< FAILURE! - in stepdefinitions.TestRunner
Search item and verify product details on Amazon.Search for Nikon, sort results, and verify product details  Time elapsed: 21.993 s  <<< FAILURE!
java.lang.AssertionError: Product topic/header does not contain 'Nikon D3X'
	at stepdefinitions.SearchSteps.user_can_confirm_if_the_details_header_contains_the_text(SearchSteps.java:71)
	at âœ½.User can confirm if the details header contains the text "Nikon D3X"(file:///C:/Users/Nilushika/Documents/TestRunNordeaAssignment/test%20part%203/AssignmentPart2/src/test/resources/features/search.feature:32)

