<?xml version="1.0" encoding="UTF-8"?>
<testsuite xmlns:xsi="http://www.w3.org/2001/XMLSchema-instance" xsi:noNamespaceSchemaLocation="https://maven.apache.org/surefire/maven-surefire-plugin/xsd/surefire-test-report-3.0.xsd" version="3.0" name="stepdefinitions.TestRunner" time="15.424" tests="1" errors="0" skipped="0" failures="1">
  <properties>
[...]
</properties>
  <testcase name="Search for Nikon, sort results, and verify product details" classname="Search item and verify product details on Amazon" time="14.702">
    <failure message="Product topic/header does not contain &apos;Nikon D3X&apos;" type="java.lang.AssertionError"><![CDATA[java.lang.AssertionError: Product topic/header does not contain 'Nikon D3X'
	at stepdefinitions.SearchSteps.user_can_confirm_if_the_details_header_contains_the_text(SearchSteps.java:69)
	at ✽.User can confirm if the details header contains the text "Nikon D3X"(file:///C:/Users/Nilushika/eclipse-workspace2/nordeaassignmentcucumber/src/test/resources/features/search.feature:32)
]]></failure>
    <system-out><![CDATA[
@tag @tag1
Scenario: Search for Nikon, sort results, and verify product details        # src/test/resources/features/search.feature:25
  Given User has to be on Amazon home page                                  # stepdefinitions.SearchSteps.user_has_to_be_on_amazon_home_page()
  When User search for "Nikon"                                              # stepdefinitions.SearchSteps.user_search_for(java.lang.String)
  And Clicks on the search button                                           # stepdefinitions.SearchSteps.clicks_on_the_search_button()
User is on the search result page
  When User is on the search result page                                    # stepdefinitions.SearchSteps.user_is_on_the_search_result_page()
Item have been Sorted
  Then User select highest to lowest on the sort dropdown menu              # stepdefinitions.SearchSteps.user_select_highest_to_lowest_on_the_sort_dropdown_menu()
Second product selected
  And User select the second product from the list                          # stepdefinitions.SearchSteps.user_select_the_second_product_from_the_list()
Nikon D6 FX-Format Digital SLR Camera Body Bundle with 3X EN-EL18c Battery, Cleaning Kit
  Then User can confirm if the details header contains the text "Nikon D3X" # stepdefinitions.SearchSteps.user_can_confirm_if_the_details_header_contains_the_text(java.lang.String)
      java.lang.AssertionError: Product topic/header does not contain 'Nikon D3X'
	at stepdefinitions.SearchSteps.user_can_confirm_if_the_details_header_contains_the_text(SearchSteps.java:69)
	at âœ½.User can confirm if the details header contains the text "Nikon D3X"(file:///C:/Users/Nilushika/eclipse-workspace2/nordeaassignmentcucumber/src/test/resources/features/search.feature:32)

  Then Browser should close                                                 # stepdefinitions.SearchSteps.browser_should_close()
]]></system-out>
    <system-err><![CDATA[SLF4J: Failed to load class "org.slf4j.impl.StaticLoggerBinder".
SLF4J: Defaulting to no-operation (NOP) logger implementation
SLF4J: See http://www.slf4j.org/codes.html#StaticLoggerBinder for further details.
Starting ChromeDriver 113.0.5672.63 (0e1a4471d5ae5bf128b1bd8f4d627c8cbd55f70c-refs/branch-heads/5672@{#912}) on port 4893
Only local connections are allowed.
Please see https://chromedriver.chromium.org/security-considerations for suggestions on keeping ChromeDriver safe.
ChromeDriver was started successfully.
]]></system-err>
  </testcase>
</testsuite>